{"timestamp":"2023-05-15 00:30:44","level":"error","message":"Auth token invalid","context":"sss","refID":"600492676"},
{"timestamp":"2023-05-19 03:31:52","level":"error","message":"Cannot read properties of undefined (reading 'userID')","refID":"079446905"},
{"timestamp":"2023-05-19 03:32:16","level":"error","message":"Cannot read properties of undefined (reading 'userID')","refID":"229142762"},
{"timestamp":"2023-05-19 03:32:29","level":"error","message":"Cannot read properties of undefined (reading 'userID')","refID":"249761947"},
{"timestamp":"2023-05-19 03:35:25","level":"error","message":"Cannot read properties of undefined (reading 'userID')","refID":"640412302"},
{"timestamp":"2023-05-19 03:35:59","level":"error","message":"Cannot read properties of undefined (reading 'userID')","refID":"624012570"},
{"timestamp":"2023-05-19 03:36:05","level":"error","message":"Cannot read properties of undefined (reading 'userID')","refID":"051967983"},
{"timestamp":"2023-05-19 03:36:21","level":"error","message":"Cannot read properties of undefined (reading 'userID')","refID":"414522560"},
{"timestamp":"2023-05-19 04:21:54","level":"error","message":"Cannot read properties of undefined (reading 'userID')","refID":"208825362"},
{"timestamp":"2023-05-19 04:40:02","level":"error","message":"Cannot read properties of undefined (reading 'userID')","context":{"messageCode":"ERR_00002","file":"file:///var/www/html/src/event/onConnect.js","line":2},"refID":"948959118"},
{"timestamp":"2023-05-19 04:43:19","level":"error","message":"Cannot read properties of undefined (reading 'userID')","context":{"messageCode":"ERR_00002","file":"file:///var/www/html/src/event/onConnect.js","line":2},"refID":"117298356"},
{"timestamp":"2023-05-19 04:43:50","level":"error","message":"Cannot read properties of undefined (reading 'userID')","context":{"messageCode":"ERR_00002","file":"file:///var/www/html/src/event/onConnect.js","line":2},"refID":"645749975"},
{"timestamp":"2023-05-19 04:57:52","level":"error","message":"Cannot read properties of undefined (reading 'userID')","context":{"messageCode":"ERR_00002","file":"file:///var/www/html/src/event/onConnect.js","line":2},"refID":"631357736"},
{"timestamp":"2023-05-19 04:58:26","level":"error","message":"Cannot read properties of undefined (reading 'userID')","context":{"messageCode":"ERR_00002","file":"file:///var/www/html/src/event/onConnect.js","line":2},"refID":"137234095"},
{"timestamp":"2023-05-19 05:00:06","level":"error","message":"Cannot read properties of undefined (reading 'userID')","context":{"messageCode":"ERR_00002","file":"file:///var/www/html/src/event/onConnect.js","line":2},"refID":"367678186"},
{"timestamp":"2023-05-19 05:00:28","level":"error","message":"Cannot read properties of undefined (reading 'userID')","context":{"messageCode":"ERR_00002","file":"file:///var/www/html/src/event/onConnect.js","line":2},"refID":"773486949"},
{"timestamp":"2023-05-19 05:00:59","level":"error","message":"Cannot read properties of undefined (reading 'userID')","context":{"messageCode":"ERR_00002","file":"file:///var/www/html/src/event/onConnect.js","line":2},"refID":"088463691"},
{"timestamp":"2023-05-19 05:01:29","level":"error","message":"Cannot read properties of undefined (reading 'userID')","context":{"messageCode":"ERR_00002","file":"file:///var/www/html/src/event/onConnect.js","line":2},"refID":"565364577"},
{"timestamp":"2023-05-19 05:01:44","level":"error","message":"Cannot read properties of undefined (reading 'userID')","context":{"messageCode":"ERR_00002","file":"file:///var/www/html/src/event/onConnect.js","line":2},"refID":"196091229"},
{"timestamp":"2023-05-19 05:02:09","level":"error","message":"Cannot read properties of undefined (reading 'userID')","context":{"messageCode":"ERR_00002","file":"file:///var/www/html/src/event/onConnect.js","line":2},"refID":"699473966"},
{"timestamp":"2023-05-19 05:02:12","level":"error","message":"Cannot read properties of undefined (reading 'userID')","context":{"messageCode":"ERR_00002","file":"file:///var/www/html/src/event/onConnect.js","line":2},"refID":"855124650"},
{"timestamp":"2023-05-19 05:03:06","level":"error","message":"Cannot read properties of undefined (reading 'userID')","context":{"messageCode":"ERR_00002","file":"file:///var/www/html/src/event/onConnect.js","line":2},"refID":"012966704"},
{"timestamp":"2023-05-19 05:04:51","level":"error","message":"Cannot read properties of undefined (reading 'userID')","context":{"messageCode":"ERR_00002","file":"file:///var/www/html/src/event/onConnect.js","line":2},"refID":"618762310"},
{"timestamp":"2023-05-19 05:24:51","level":"error","message":"socket is not defined","context":{"messageCode":"ERR_00002","file":"file:///var/www/html/src/server.js","line":28},"refID":"706463059"},
{"timestamp":"2023-05-19 05:30:15","level":"error","message":"socket is not defined","context":{"messageCode":"ERR_00002","file":"file:///var/www/html/src/server.js","line":33},"refID":"156903017"},
{"timestamp":"2023-05-19 05:30:58","level":"error","message":"socket is not defined","context":{"messageCode":"ERR_00002","file":"file:///var/www/html/src/server.js","line":33},"refID":"888322010"},
{"timestamp":"2023-05-19 05:32:16","level":"error","message":"socket is not defined","context":{"messageCode":"ERR_00002","file":"file:///var/www/html/src/server.js","line":33},"refID":"849501231"},
{"timestamp":"2023-05-19 07:10:24","level":"error","message":"socket is not defined","context":{"messageCode":"ERR_00002","file":"file:///var/www/html/src/event/onSend.js","line":2},"refID":"063094138"},
{"timestamp":"2023-05-19 07:27:28","level":"error","message":"Error!","context":{"messageCode":"ERR_00002","file":"file:///var/www/html/src/event/onSend.js","line":2},"refID":"581001498"},
{"timestamp":"2023-05-19 07:28:36","level":"error","message":"Error!","context":{"messageCode":"ERR_00002","file":"file:///var/www/html/src/event/onSend.js","line":2},"refID":"515275258"},
{"timestamp":"2023-05-19 07:29:24","level":"error","message":"Error!","context":{"messageCode":"ERR_00002","file":"file:///var/www/html/src/event/onSend.js","line":2},"refID":"380255766"},
{"timestamp":"2023-05-19 07:29:31","level":"error","message":"Error!","context":{"messageCode":"ERR_00002","file":"file:///var/www/html/src/event/onSend.js","line":2},"refID":"347483094"},
{"timestamp":"2023-05-19 07:29:40","level":"error","message":"Error!","context":{"messageCode":"ERR_00002","file":"file:///var/www/html/src/event/onSend.js","line":2},"refID":"216267235"},
{"timestamp":"2023-05-19 07:30:03","level":"error","message":"Error!","context":{"messageCode":"ERR_00002","file":"file:///var/www/html/src/event/onSend.js","line":2},"refID":"800377206"},
{"timestamp":"2023-05-19 07:30:06","level":"error","message":"Error!","context":{"messageCode":"ERR_00002","file":"file:///var/www/html/src/event/onSend.js","line":2},"refID":"785071396"},
{"timestamp":"2023-05-19 07:30:09","level":"error","message":"Error!","context":{"messageCode":"ERR_00002","file":"file:///var/www/html/src/event/onSend.js","line":2},"refID":"408018281"},
{"timestamp":"2023-05-19 07:30:45","level":"error","message":"Error!","context":{"messageCode":"ERR_00002","file":"file:///var/www/html/src/event/onSend.js","line":2},"refID":"385247320"},
{"timestamp":"2023-05-19 07:31:22","level":"error","message":"Error!","context":{"messageCode":"ERR_00002","file":"file:///var/www/html/src/event/onSend.js","line":2},"refID":"087201012"},
{"timestamp":"2023-05-19 07:31:26","level":"error","message":"Error!","context":{"messageCode":"ERR_00002","file":"file:///var/www/html/src/event/onSend.js","line":2},"refID":"005323464"},
{"timestamp":"2023-05-19 07:31:27","level":"error","message":"Error!","context":{"messageCode":"ERR_00002","file":"file:///var/www/html/src/event/onSend.js","line":2},"refID":"560242723"},
{"timestamp":"2023-05-19 07:31:34","level":"error","message":"Error!","context":{"messageCode":"ERR_00002","file":"file:///var/www/html/src/event/onSend.js","line":2},"refID":"287723395"},
{"timestamp":"2023-05-19 07:31:48","level":"error","message":"Error!","context":{"messageCode":"ERR_00002","file":"file:///var/www/html/src/event/onSend.js","line":2},"refID":"545852935"},
{"timestamp":"2023-05-19 07:32:25","level":"error","message":"Error!","context":{"messageCode":"ERR_00002","file":"file:///var/www/html/src/event/onSend.js","line":2},"refID":"010159405"},
{"timestamp":"2023-05-19 07:32:25","level":"error","message":"Error!","context":{"messageCode":"ERR_00002","file":"file:///var/www/html/src/event/onSend.js","line":2},"refID":"207394536"},
{"timestamp":"2023-05-19 07:32:42","level":"error","message":"Error!","context":{"messageCode":"ERR_00002","file":"file:///var/www/html/src/event/onSend.js","line":2},"refID":"363930212"},
{"timestamp":"2023-05-19 07:32:46","level":"error","message":"Error!","context":{"messageCode":"ERR_00002","file":"file:///var/www/html/src/event/onSend.js","line":2},"refID":"954286041"},
{"timestamp":"2023-05-19 07:32:48","level":"error","message":"Error!","context":{"messageCode":"ERR_00002","file":"file:///var/www/html/src/event/onSend.js","line":2},"refID":"694110524"},
{"timestamp":"2023-05-19 07:52:31","level":"error","message":"Invalid send property \"from\"","context":{"messageCode":"ERR_00003","file":"file:///var/www/html/src/eventvalidation/resultFormat.js","line":2,"data":{"data":"test"},"from":1,"reqNumber":1},"refID":"530882681"},
{"timestamp":"2023-05-19 08:04:29","level":"error","message":"Cannot read properties of undefined (reading 'messageCode')","context":{"messageCode":"ERR_00002","file":"file:///var/www/html/src/exception/eventError.js","line":4},"refID":"736671315"},
{"timestamp":"2023-05-19 08:05:06","level":"error","message":"Cannot read properties of undefined (reading 'messageCode')","context":{"messageCode":"ERR_00002","file":"file:///var/www/html/src/exception/eventError.js","line":5},"refID":"016251683"},
{"timestamp":"2023-05-19 08:05:24","level":"error","message":"Invalid send property \"from\"","context":{"messageCode":"ERR_00003","file":"file:///var/www/html/src/event/onSend.js","line":9,"data":{"data":"test"},"from":1,"reqNumber":1},"refID":"476199765"},
{"timestamp":"2023-05-19 08:05:46","level":"error","message":"Invalid send property \"from\"","context":{"messageCode":"ERR_00003","file":"file:///var/www/html/src/event/onSend.js","line":9,"data":{"data":"test"},"from":1,"reqNumber":1},"refID":"247874997"},
{"timestamp":"2023-05-19 08:07:24","level":"error","message":"Invalid send property \"from\"","context":{"messageCode":"ERR_00003","file":"file:///var/www/html/src/event/onSend.js","line":9,"data":{"data":"test"},"from":1,"reqNumber":1},"refID":"995404554"},
{"timestamp":"2023-05-19 08:09:50","level":"error","message":"send is not defined","context":{"messageCode":"ERR_00002","file":"file:///var/www/html/src/event/onSend.js","line":8},"refID":"284128158"},
{"timestamp":"2023-05-19 08:19:08","level":"error","message":"No \"reqNumber\"","context":{"messageCode":"ERR_00003","file":"file:///var/www/html/src/event/onSend.js","line":9,"event":"notice","data":"test","reqNumber":1},"refID":"444488661"},
{"timestamp":"2023-05-19 08:20:27","level":"error","message":"Invalid event value","context":{"messageCode":"ERR_00003","file":"file:///var/www/html/src/event/onSend.js","line":9,"event":"notice","data":"test","reqNumber":1},"refID":"894853940"},
{"timestamp":"2023-05-19 08:21:57","level":"error","message":"Invalid event value","context":{"messageCode":"ERR_00003","file":"file:///var/www/html/src/event/onSend.js","line":10,"event":"notice","data":"test","reqNumber":1},"refID":"980008262"},
{"timestamp":"2023-05-19 08:22:16","level":"error","message":"Invalid event value","context":{"messageCode":"ERR_00003","file":"file:///var/www/html/src/event/onSend.js","line":10,"event":"notice","data":"test","reqNumber":1},"refID":"638944551"},
{"timestamp":"2023-05-19 08:28:10","level":"error","message":"Invalid event value","context":{"messageCode":"ERR_00003","file":"file:///var/www/html/src/event/onSend.js","line":11,"event":"notice","data":"test","reqNumber":1},"refID":"029075962"},
{"timestamp":"2023-05-19 08:28:12","level":"error","message":"Invalid event value","context":{"messageCode":"ERR_00003","file":"file:///var/www/html/src/event/onSend.js","line":11,"event":"notice","data":"test","reqNumber":1},"refID":"174501304"},
{"timestamp":"2023-05-19 08:36:25","level":"error","message":"Auth token invalid","context":"eyJ0eXAiOiJKV1QiLCJhbGciOiJIUzI1NiJ9.eyJ1c2VySUQiOjF9.nSShDCtRIfcUrAk1c3HfjqbSruq2q66-_6aRP_mufu8ss","refID":"648504111"},
{"timestamp":"2023-05-19 08:36:28","level":"error","message":"Auth token invalid","context":"eyJ0eXAiOiJKV1QiLCJhbGciOiJIUzI1NiJ9.eyJ1c2VySUQiOjF9.nSShDCtRIfcUrAk1c3HfjqbSruq2q66-_6aRP_mufu8ss","refID":"659308659"},
{"timestamp":"2023-05-19 08:40:12","level":"error","message":"Auth token invalid","context":"eyJ0eXAiOiJKV1QiLCJhbGciOiJIUzI1NiJ9.eyJ1c2VySUQiOjF9.nSShDCtRIfcUrAk1c3HfjqbSruq2q66-_6aRP_mufu8ss","refID":"366638986"},
{"timestamp":"2023-05-19 08:40:26","level":"error","message":"Invalid event value","context":{"messageCode":"ERR_00003","file":"file:///var/www/html/src/event/onSend.js","line":11,"event":"notice","data":"test","reqNumber":1},"refID":"206533230"},
{"timestamp":"2023-05-19 08:46:35","level":"error","message":"Invalid event value","context":{"messageCode":"ERR_00003","file":"file:///var/www/html/src/event/onSend.js","line":11,"event":"notice","data":"test","reqNumber":1},"refID":"201367363"},
{"timestamp":"2023-05-19 08:48:21","level":"error","message":"No \"reqNumber\"","context":{"messageCode":"ERR_00003","file":"file:///var/www/html/src/event/onSend.js","line":11,"event":"notice","data":"test"},"refID":"657710059"},
{"timestamp":"2023-05-19 08:48:43","level":"error","message":"Invalid event value","context":{"messageCode":"ERR_00003","file":"file:///var/www/html/src/event/onSend.js","line":11,"event":"notice","data":"test"},"refID":"566099627"},
{"timestamp":"2023-05-19 08:49:57","level":"error","message":"Invalid event value","context":{"messageCode":"ERR_00003","file":"file:///var/www/html/src/event/onSend.js","line":11,"event":"notice","data":"test"},"refID":"620003101"},
{"timestamp":"2023-05-19 08:50:21","level":"error","message":"No recipient \"to\"","context":{"messageCode":"ERR_00003","file":"file:///var/www/html/src/event/onSend.js","line":11,"event":"home","data":"test"},"refID":"430782181"},
{"timestamp":"2023-05-19 08:51:26","level":"error","message":"to is not defined","context":{"messageCode":"ERR_00002","file":"file:///var/www/html/src/event/onSend.js","line":9},"refID":"746359981"},
{"timestamp":"2023-05-19 08:52:31","level":"error","message":"to is not defined","context":{"messageCode":"ERR_00002","file":"file:///var/www/html/src/event/onSend.js","line":9},"refID":"355660383"},
{"timestamp":"2023-05-19 08:53:03","level":"error","message":"to is not defined","context":{"messageCode":"ERR_00002","file":"file:///var/www/html/src/event/onSend.js","line":9},"refID":"696004907"},
{"timestamp":"2023-05-19 08:53:34","level":"error","message":"to is not defined","context":{"messageCode":"ERR_00002","file":"file:///var/www/html/src/event/onSend.js","line":9},"refID":"187747102"},
{"timestamp":"2023-05-21 07:31:45","level":"error","message":"jwt is not defined","context":{"messageCode":"ERR_00002","file":"file:///var/www/html/src/event/onJoin.js","line":6},"refID":"855904311"},
{"timestamp":"2023-05-21 07:31:49","level":"error","message":"jwt is not defined","context":{"messageCode":"ERR_00002","file":"file:///var/www/html/src/event/onJoin.js","line":6},"refID":"908520756"},
{"timestamp":"2023-05-21 07:32:30","level":"error","message":"data.rooms.isArray is not a function","context":{"messageCode":"ERR_00002","file":"file:///var/www/html/src/eventvalidation/onJoin.js","line":8},"refID":"842975502"},
{"timestamp":"2023-05-21 07:32:57","level":"error","message":"successHandler is not defined","context":{"messageCode":"ERR_00002","file":"file:///var/www/html/src/event/onJoin.js","line":18},"refID":"616386118"},
{"timestamp":"2023-05-21 07:35:42","level":"error","message":"token is not defined","context":{"messageCode":"ERR_00002","file":"file:///var/www/html/src/eventvalidation/onJoin.js","line":6},"refID":"345463396"},
{"timestamp":"2023-05-21 07:36:29","level":"error","message":"Invalid token eyJ0eXAiOiJKV1QiLCJhbGciOiJIUzI1NiJ9.WyJyb29tMSIsInJvb20yIl0.gh796rNeiKJOFVj-65Cje4Vmg0a_N9efbgGObKbwePIss","context":{"messageCode":"ERR_00001","file":"file:///var/www/html/src/event/onJoin.js","line":25,"token":"eyJ0eXAiOiJKV1QiLCJhbGciOiJIUzI1NiJ9.WyJyb29tMSIsInJvb20yIl0.gh796rNeiKJOFVj-65Cje4Vmg0a_N9efbgGObKbwePIss","error":{"name":"JsonWebTokenError","message":"invalid signature"}},"refID":"878681852"},
{"timestamp":"2023-05-21 08:00:13","level":"error","message":"INVALID_EVENTS is not defined","context":{"messageCode":"ERR_00002","file":"file:///var/www/html/src/eventvalidation/onSend.js","line":11},"refID":"194229944"},
{"timestamp":"2023-05-21 08:04:54","level":"error","message":"No recipient \"to\"","context":{"messageCode":"ERR_00003","file":"file:///var/www/html/src/event/onSendRoom.js","line":20,"event":"home","data":"test"},"refID":"553335855"},
{"timestamp":"2023-05-21 08:05:12","level":"error","message":"No recipient \"to\"","context":{"messageCode":"ERR_00003","file":"file:///var/www/html/src/event/onSendRoom.js","line":20,"event":"homeRoom","data":"testRoom"},"refID":"445367011"},
{"timestamp":"2023-05-21 08:06:59","level":"error","message":"Cannot read properties of undefined (reading 'find')","context":{"messageCode":"ERR_00002","file":"file:///var/www/html/src/eventvalidation/onSendRoom.js","line":23},"refID":"242349546"},
{"timestamp":"2023-05-21 08:08:03","level":"error","message":"Cannot read properties of undefined (reading 'find')","context":{"messageCode":"ERR_00002","file":"file:///var/www/html/src/eventvalidation/onSendRoom.js","line":25},"refID":"100424353"},
{"timestamp":"2023-05-21 08:08:11","level":"error","message":"Cannot read properties of undefined (reading 'find')","context":{"messageCode":"ERR_00002","file":"file:///var/www/html/src/eventvalidation/onSendRoom.js","line":23},"refID":"338936689"},
{"timestamp":"2023-05-21 08:10:30","level":"error","message":"No \"rooms\"","context":{"messageCode":"ERR_00003","file":"file:///var/www/html/src/event/onSendRoom.js","line":20,"event":"homeRoom","data":"testRoom"},"refID":"666759794"},
{"timestamp":"2023-05-21 08:14:33","level":"error","message":"roomValue is not defined","context":{"messageCode":"ERR_00002","file":"file:///var/www/html/src/eventvalidation/onSendRoom.js","line":27},"refID":"252993888"},
{"timestamp":"2023-05-21 08:14:38","level":"error","message":"haystack.indexOf is not a function","context":{"messageCode":"ERR_00002","file":"file:///var/www/html/src/utils/arrayHelper.js","line":2},"refID":"237845650"},
{"timestamp":"2023-05-21 08:16:16","level":"error","message":"roomValue is not defined","context":{"messageCode":"ERR_00002","file":"file:///var/www/html/src/eventvalidation/onSendRoom.js","line":27},"refID":"625733274"},
{"timestamp":"2023-05-21 08:17:04","level":"error","message":"Invalid room name or you are joined room4","context":{"messageCode":"ERR_00004","file":"file:///var/www/html/src/event/onSendRoom.js","line":20,"event":"homeRoom","rooms":["room4"],"data":"testRoom","available":{}},"refID":"434716914"},
{"timestamp":"2023-05-21 08:17:05","level":"error","message":"Invalid room name or you are joined room4","context":{"messageCode":"ERR_00004","file":"file:///var/www/html/src/event/onSendRoom.js","line":20,"event":"homeRoom","rooms":["room4"],"data":"testRoom","available":{}},"refID":"701690228"},
{"timestamp":"2023-05-21 08:17:29","level":"error","message":"Invalid room name or you are  not joined \"room4\"","context":{"messageCode":"ERR_00004","file":"file:///var/www/html/src/event/onSendRoom.js","line":20,"event":"homeRoom","rooms":["room4"],"data":"testRoom","available":{}},"refID":"235909675"},
{"timestamp":"2023-05-21 08:18:09","level":"error","message":"Invalid room name or you are  not joined \"room3\"","context":{"messageCode":"ERR_00004","file":"file:///var/www/html/src/event/onSendRoom.js","line":20,"event":"homeRoom","rooms":["room3"],"data":"testRoom","available":{}},"refID":"785931192"},
{"timestamp":"2023-05-21 08:25:08","level":"error","message":"\"rooms\" is not an array","context":{"messageCode":"ERR_00004","file":"file:///var/www/html/src/event/onLeave.js","line":18,"rooms":"room2"},"refID":"128642605"},
{"timestamp":"2023-05-21 08:25:11","level":"error","message":"\"rooms\" is not an array","context":{"messageCode":"ERR_00004","file":"file:///var/www/html/src/event/onLeave.js","line":18,"rooms":"room2"},"refID":"721473069"},
{"timestamp":"2023-05-21 08:25:55","level":"error","message":"\"rooms\" is not an array","context":{"messageCode":"ERR_00004","file":"file:///var/www/html/src/event/onLeave.js","line":18,"rooms":"room2"},"refID":"705211339"},
{"timestamp":"2023-05-21 08:28:20","level":"error","message":"Invalid room name or you are  not joined \"room2\"","context":{"messageCode":"ERR_00004","file":"file:///var/www/html/src/event/onSendRoom.js","line":20,"event":"homeRoom","rooms":["room2"],"data":"testRoom2","available":{}},"refID":"030336267"},
{"timestamp":"2023-05-21 08:28:42","level":"error","message":"Invalid room name or you are  not joined \"room2\"","context":{"messageCode":"ERR_00004","file":"file:///var/www/html/src/event/onSendRoom.js","line":20,"event":"homeRoom","rooms":["room2"],"data":"testRoom2","available":{}},"refID":"382344356"},
{"timestamp":"2023-05-21 08:29:14","level":"error","message":"Invalid room name or you are  not joined \"room2\"","context":{"messageCode":"ERR_00004","file":"file:///var/www/html/src/event/onSendRoom.js","line":20,"event":"homeRoom","rooms":["room2"],"data":"testRoom2","available":{}},"refID":"279392377"},
